<?xml version="1.0" encoding="UTF-8"?>
<!-- Generated by org.testng.reporters.JUnitReportReporter -->
<testsuite hostname="DESKTOP-KIS4N2E" failures="0" tests="1" name="TestNGStudy.TestNGTest2" time="3.994" errors="0" timestamp="2022-07-26T19:07:18 IST" skipped="0">
  <testcase classname="TestNGStudy.TestNGTest2" name="paytmLaunch" time="3.994"/>
  <system-out/>
</testsuite> <!-- TestNGStudy.TestNGTest2 -->
