<?xml version="1.0" encoding="UTF-8"?>
<!-- Generated by org.testng.reporters.JUnitReportReporter -->
<testsuite hostname="DESKTOP-KIS4N2E" failures="0" tests="5" name="testNGKeyWords.PriorityStudy" time="0.009" errors="0" timestamp="2022-07-22T20:11:11 IST" skipped="0">
  <testcase classname="testNGKeyWords.PriorityStudy" name="e" time="0.000"/>
  <system-out>
    <![CDATA[e method is running]]>
  </system-out>
  <testcase classname="testNGKeyWords.PriorityStudy" name="b" time="0.007"/>
  <system-out>
    <![CDATA[b method is running]]>
  </system-out>
  <testcase classname="testNGKeyWords.PriorityStudy" name="c" time="0.000"/>
  <system-out>
    <![CDATA[c method is running]]>
  </system-out>
  <testcase classname="testNGKeyWords.PriorityStudy" name="a" time="0.001"/>
  <system-out>
    <![CDATA[a method is running]]>
  </system-out>
  <testcase classname="testNGKeyWords.PriorityStudy" name="d" time="0.001"/>
  <system-out>
    <![CDATA[d method is running]]>
  </system-out>
</testsuite> <!-- testNGKeyWords.PriorityStudy -->
