<?xml version="1.0" encoding="UTF-8"?>
<!-- Generated by org.testng.reporters.JUnitReportReporter -->
<testsuite hostname="DESKTOP-KIS4N2E" failures="0" tests="7" name="testNGKeyWords.MultipleKeywords" time="0.010" errors="0" timestamp="2022-07-24T18:32:39 IST" skipped="0">
  <testcase classname="testNGKeyWords.MultipleKeywords" name="b" time="0.000"/>
  <system-out>
    <![CDATA[b method is running]]>
  </system-out>
  <testcase classname="testNGKeyWords.MultipleKeywords" name="b" time="0.001"/>
  <system-out>
    <![CDATA[b method is running]]>
  </system-out>
  <testcase classname="testNGKeyWords.MultipleKeywords" name="b" time="0.001"/>
  <system-out>
    <![CDATA[b method is running]]>
  </system-out>
  <testcase classname="testNGKeyWords.MultipleKeywords" name="c" time="0.001"/>
  <system-out>
    <![CDATA[c method is running]]>
  </system-out>
  <testcase classname="testNGKeyWords.MultipleKeywords" name="d" time="0.001"/>
  <system-out>
    <![CDATA[d method is running]]>
  </system-out>
  <testcase classname="testNGKeyWords.MultipleKeywords" name="e" time="0.001"/>
  <system-out>
    <![CDATA[e method is running]]>
  </system-out>
  <testcase classname="testNGKeyWords.MultipleKeywords" name="a" time="0.005"/>
  <system-out>
    <![CDATA[a method is running]]>
  </system-out>
</testsuite> <!-- testNGKeyWords.MultipleKeywords -->
