<?xml version="1.0" encoding="UTF-8"?>
<!-- Generated by org.testng.reporters.JUnitReportReporter -->
<testsuite hostname="DESKTOP-KIS4N2E" failures="0" tests="2" name="crossBrowsertesting.CrossBrowsertestStudy" time="9.950" errors="0" timestamp="2022-07-28T19:30:29 IST" skipped="0">
  <testcase classname="crossBrowsertesting.CrossBrowsertestStudy" name="myMethod" time="6.358"/>
  <system-out/>
  <testcase classname="crossBrowsertesting.CrossBrowsertestStudy" name="myMethod" time="3.592"/>
  <system-out/>
</testsuite> <!-- crossBrowsertesting.CrossBrowsertestStudy -->
