<?xml version="1.0" encoding="UTF-8"?>
<!-- Generated by org.testng.reporters.JUnitReportReporter -->
<testsuite hostname="DESKTOP-KIS4N2E" failures="0" tests="5" name="testNGKeyWords.InnvocationCountStudy" time="0.009" errors="0" timestamp="2022-07-22T19:54:49 IST" skipped="0">
  <testcase classname="testNGKeyWords.InnvocationCountStudy" name="myMethod" time="0.001"/>
  <system-out>
    <![CDATA[MyMethod is running]]>
  </system-out>
  <testcase classname="testNGKeyWords.InnvocationCountStudy" name="myMethod" time="0.007"/>
  <system-out>
    <![CDATA[MyMethod is running]]>
  </system-out>
  <testcase classname="testNGKeyWords.InnvocationCountStudy" name="myMethod" time="0.000"/>
  <system-out>
    <![CDATA[MyMethod is running]]>
  </system-out>
  <testcase classname="testNGKeyWords.InnvocationCountStudy" name="myMethod" time="0.000"/>
  <system-out>
    <![CDATA[MyMethod is running]]>
  </system-out>
  <testcase classname="testNGKeyWords.InnvocationCountStudy" name="myMethod" time="0.001"/>
  <system-out>
    <![CDATA[MyMethod is running]]>
  </system-out>
</testsuite> <!-- testNGKeyWords.InnvocationCountStudy -->
