<?xml version="1.0" encoding="UTF-8"?>
<!-- Generated by org.testng.reporters.JUnitReportReporter -->
<testsuite hostname="DESKTOP-KIS4N2E" failures="0" tests="1" name="TestNGStudy.MyClass" time="0.007" errors="0" timestamp="2022-07-24T18:37:39 IST" skipped="0">
  <testcase classname="TestNGStudy.MyClass" name="mymethod" time="0.007"/>
  <system-out>
    <![CDATA[HI this is written in reporter without boolean value
HI this is written in reporter with boolean value]]>
  </system-out>
</testsuite> <!-- TestNGStudy.MyClass -->
