<?xml version="1.0" encoding="UTF-8"?>
<!-- Generated by org.testng.reporters.JUnitReportReporter -->
<testsuite hostname="DESKTOP-KIS4N2E" failures="0" tests="5" name="testNGKeyWords.TimeOutUse" time="0.818" errors="0" timestamp="2022-07-22T20:27:05 IST" skipped="0">
  <testcase classname="testNGKeyWords.TimeOutUse" name="d" time="0.001"/>
  <system-out>
    <![CDATA[d method is running]]>
  </system-out>
  <testcase classname="testNGKeyWords.TimeOutUse" name="c" time="0.001"/>
  <system-out>
    <![CDATA[c method is running]]>
  </system-out>
  <testcase classname="testNGKeyWords.TimeOutUse" name="a" time="0.006"/>
  <system-out>
    <![CDATA[a method is running]]>
  </system-out>
  <testcase classname="testNGKeyWords.TimeOutUse" name="b" time="0.810"/>
  <system-out>
    <![CDATA[b method is running]]>
  </system-out>
  <testcase classname="testNGKeyWords.TimeOutUse" name="e" time="0.000"/>
  <system-out>
    <![CDATA[e method is running]]>
  </system-out>
</testsuite> <!-- testNGKeyWords.TimeOutUse -->
