<?xml version="1.0" encoding="UTF-8"?>
<!-- Generated by org.testng.reporters.JUnitReportReporter -->
<testsuite hostname="DESKTOP-KIS4N2E" failures="0" tests="1" name="verificationUsingTestNG.AssertTrueAndAssertFalse" time="0.006" errors="0" timestamp="2022-07-27T19:04:56 IST" skipped="0">
  <testcase classname="verificationUsingTestNG.AssertTrueAndAssertFalse" name="myMethod" time="0.006"/>
  <system-out/>
</testsuite> <!-- verificationUsingTestNG.AssertTrueAndAssertFalse -->
