<?xml version="1.0" encoding="UTF-8"?>
<!-- Generated by org.testng.reporters.JUnitReportReporter -->
<testsuite hostname="DESKTOP-KIS4N2E" failures="0" tests="1" name="serialOrParallelExecution.Test2" time="4.957" errors="0" timestamp="2022-07-26T18:53:36 IST" skipped="0">
  <testcase classname="serialOrParallelExecution.Test2" name="kiteLaunch" time="4.957"/>
  <system-out/>
</testsuite> <!-- serialOrParallelExecution.Test2 -->
