<?xml version="1.0" encoding="UTF-8"?>
<!-- Generated by org.testng.reporters.JUnitReportReporter -->
<testsuite hostname="DESKTOP-KIS4N2E" failures="0" tests="1" name="testNGXMLStudy.TestNGGrouping2" time="0.006" errors="0" timestamp="2022-07-25T19:07:15 IST" skipped="0">
  <testcase classname="testNGXMLStudy.TestNGGrouping2" name="f" time="0.006"/>
  <system-out>
    <![CDATA[f method is running]]>
  </system-out>
</testsuite> <!-- testNGXMLStudy.TestNGGrouping2 -->
