<?xml version="1.0" encoding="UTF-8"?>
<!-- Generated by org.testng.reporters.JUnitReportReporter -->
<testsuite hostname="DESKTOP-KIS4N2E" failures="0" tests="1" name="kiteTestClasses.ValidateKiteUserID" time="4.153" errors="0" timestamp="2022-08-01T19:30:51 IST" skipped="0">
  <testcase classname="kiteTestClasses.ValidateKiteUserID" name="kiteUserValidation" time="4.153"/>
  <system-out>
    <![CDATA[Reading data from excel
Taken SCreenshot]]>
  </system-out>
</testsuite> <!-- kiteTestClasses.ValidateKiteUserID -->
