<?xml version="1.0" encoding="UTF-8"?>
<!-- Generated by org.testng.reporters.JUnitReportReporter -->
<testsuite hostname="DESKTOP-KIS4N2E" failures="0" tests="1" name="testNGXMLStudy.TestNGGrouping1" time="0.000" errors="0" timestamp="2022-07-25T19:07:15 IST" skipped="0">
  <testcase classname="testNGXMLStudy.TestNGGrouping1" name="a" time="0.000"/>
  <system-out>
    <![CDATA[a method is running]]>
  </system-out>
</testsuite> <!-- testNGXMLStudy.TestNGGrouping1 -->
