<?xml version="1.0" encoding="UTF-8"?>
<!-- Generated by org.testng.reporters.JUnitReportReporter -->
<testsuite hostname="DESKTOP-KIS4N2E" failures="0" tests="1" name="testNGXMLStudy.testXML2" time="0.007" errors="0" timestamp="2022-07-26T18:30:17 IST" skipped="0">
  <testcase classname="testNGXMLStudy.testXML2" name="f" time="0.007"/>
  <system-out>
    <![CDATA[f method is running]]>
  </system-out>
</testsuite> <!-- testNGXMLStudy.testXML2 -->
