<?xml version="1.0" encoding="UTF-8"?>
<!-- Generated by org.testng.reporters.JUnitReportReporter -->
<testsuite hostname="DESKTOP-KIS4N2E" failures="0" tests="1" name="TestNGStudy.TestNGTest3" time="3.835" errors="0" timestamp="2022-07-26T19:07:17 IST" skipped="0">
  <testcase classname="TestNGStudy.TestNGTest3" name="lauchKite" time="3.835"/>
  <system-out/>
</testsuite> <!-- TestNGStudy.TestNGTest3 -->
