<?xml version="1.0" encoding="UTF-8"?>
<!-- Generated by org.testng.reporters.JUnitReportReporter -->
<testsuite hostname="DESKTOP-KIS4N2E" failures="0" tests="1" name="TestNGStudy.TestNGTest" time="5.542" errors="0" timestamp="2022-07-28T19:00:23 IST" skipped="0">
  <testcase classname="TestNGStudy.TestNGTest" name="lauchKite" time="5.542"/>
  <system-out/>
</testsuite> <!-- TestNGStudy.TestNGTest -->
