<?xml version="1.0" encoding="UTF-8"?>
<!-- Generated by org.testng.reporters.JUnitReportReporter -->
<testsuite hostname="DESKTOP-KIS4N2E" failures="0" tests="2" name="testNGAnnotations.AnnotationsStudy" time="0.014" errors="0" timestamp="2022-07-22T19:43:17 IST" skipped="0">
  <testcase classname="testNGAnnotations.AnnotationsStudy" name="testme" time="0.012"/>
  <system-out>
    <![CDATA[HI]]>
  </system-out>
  <testcase classname="testNGAnnotations.AnnotationsStudy" name="validateUserID" time="0.002"/>
  <system-out>
    <![CDATA[User ID is validated]]>
  </system-out>
</testsuite> <!-- testNGAnnotations.AnnotationsStudy -->
