<?xml version="1.0" encoding="UTF-8"?>
<!-- Generated by org.testng.reporters.JUnitReportReporter -->
<testsuite hostname="DESKTOP-KIS4N2E" failures="0" tests="2" name="testNGAnnotations.Study" time="0.006" errors="0" timestamp="2022-07-22T19:47:21 IST" skipped="0">
  <testcase classname="testNGAnnotations.Study" name="myMethod" time="0.005"/>
  <system-out>
    <![CDATA[Test Method is running ]]>
  </system-out>
  <testcase classname="testNGAnnotations.Study" name="myMethod1" time="0.001"/>
  <system-out>
    <![CDATA[Test Method1 is running ]]>
  </system-out>
</testsuite> <!-- testNGAnnotations.Study -->
