<?xml version="1.0" encoding="UTF-8"?>
<!-- Generated by org.testng.reporters.JUnitReportReporter -->
<testsuite hostname="DESKTOP-KIS4N2E" failures="0" tests="1" name="testNGXMLStudy.testXML1" time="0.006" errors="0" timestamp="2022-07-26T18:33:19 IST" skipped="0">
  <testcase classname="testNGXMLStudy.testXML1" name="b" time="0.006"/>
  <system-out>
    <![CDATA[b method is running]]>
  </system-out>
</testsuite> <!-- testNGXMLStudy.testXML1 -->
