<?xml version="1.0" encoding="UTF-8"?>
<!-- Generated by org.testng.reporters.JUnitReportReporter -->
<testsuite hostname="DESKTOP-KIS4N2E" failures="0" tests="5" name="testNGKeyWords.EnbaledStudy" time="0.010" errors="0" timestamp="2022-07-22T20:16:05 IST" skipped="1">
  <testcase classname="testNGKeyWords.EnbaledStudy" name="c" time="0.001"/>
  <system-out>
    <![CDATA[c method is running]]>
  </system-out>
  <testcase classname="testNGKeyWords.EnbaledStudy" name="a" time="0.007"/>
  <system-out>
    <![CDATA[a method is running]]>
  </system-out>
  <testcase classname="testNGKeyWords.EnbaledStudy" name="d" time="0.001"/>
  <system-out>
    <![CDATA[d method is running]]>
  </system-out>
  <testcase classname="testNGKeyWords.EnbaledStudy" name="e" time="0.001"/>
  <system-out>
    <![CDATA[e method is running]]>
  </system-out>
  <testcase classname="testNGKeyWords.EnbaledStudy" name="b">
    <skipped/>
  </testcase> <!-- b -->
  <system-out/>
</testsuite> <!-- testNGKeyWords.EnbaledStudy -->
